0 info it worked if it ends with ok
1 verbose cli [ 'node', '/usr/local/bin/npm', 'install' ]
2 info using npm@2.0.0
3 info using node@v0.10.32
4 verbose node symlink /usr/local/bin/node
5 verbose readDependencies using package.json deps
6 verbose install where, deps [ '/Users/tonisucic/GitHub/cinema',
6 verbose install   [ 'jquery',
6 verbose install     'node-simple-router',
6 verbose install     'parse-torrent',
6 verbose install     'sha256',
6 verbose install     'socket.io',
6 verbose install     'socket.io-client',
6 verbose install     'underscore',
6 verbose install     'video.js',
6 verbose install     'webtorrent',
6 verbose install     'grunt',
6 verbose install     'grunt-browserify',
6 verbose install     'grunt-contrib-jshint',
6 verbose install     'grunt-contrib-uglify',
6 verbose install     'grunt-contrib-watch' ] ]
7 info preinstall cinema@0.3.0
8 verbose readDependencies using package.json deps
9 verbose already installed skipping socket.io@^1.2.0 /Users/tonisucic/GitHub/cinema
10 verbose already installed skipping socket.io-client@^1.2.0 /Users/tonisucic/GitHub/cinema
11 verbose already installed skipping underscore@^1.7.0 /Users/tonisucic/GitHub/cinema
12 verbose cache add [ 'video.js@~3.0.0', null ]
13 verbose cache add spec="video.js@~3.0.0" args=["video.js@~3.0.0",null]
14 verbose parsed spec { raw: 'video.js@~3.0.0',
14 verbose parsed spec   scope: null,
14 verbose parsed spec   name: 'video.js',
14 verbose parsed spec   rawSpec: '~3.0.0',
14 verbose parsed spec   spec: '>=3.0.0 <3.1.0',
14 verbose parsed spec   type: 'range' }
15 verbose already installed skipping webtorrent@^0.13.0 /Users/tonisucic/GitHub/cinema
16 verbose parsed spec { raw: 'video.js@~3.0.0',
16 verbose parsed spec   scope: null,
16 verbose parsed spec   name: 'video.js',
16 verbose parsed spec   rawSpec: '~3.0.0',
16 verbose parsed spec   spec: '>=3.0.0 <3.1.0',
16 verbose parsed spec   type: 'range' }
17 verbose addNamed [ 'video.js', '>=3.0.0 <3.1.0' ]
18 verbose addNamed [ null, '>=3.0.0 <3.1.0' ]
19 verbose already installed skipping grunt@^0.4.5 /Users/tonisucic/GitHub/cinema
20 silly lockFile de25a2d2-video-js-3-0-0-3-1-0 video.js@>=3.0.0 <3.1.0
21 verbose lock video.js@>=3.0.0 <3.1.0 /Users/tonisucic/.npm/de25a2d2-video-js-3-0-0-3-1-0.lock
22 verbose already installed skipping grunt-browserify@^3.2.0 /Users/tonisucic/GitHub/cinema
23 verbose already installed skipping grunt-contrib-jshint@^0.10.0 /Users/tonisucic/GitHub/cinema
24 verbose already installed skipping grunt-contrib-uglify@^0.6.0 /Users/tonisucic/GitHub/cinema
25 verbose already installed skipping grunt-contrib-watch@^0.6.1 /Users/tonisucic/GitHub/cinema
26 verbose already installed skipping jquery@^2.1.1 /Users/tonisucic/GitHub/cinema
27 verbose already installed skipping node-simple-router@^0.9.2-11 /Users/tonisucic/GitHub/cinema
28 silly addNameRange { name: 'video.js', range: '>=3.0.0 <3.1.0', hasData: false }
29 verbose mapToRegistry name video.js
30 verbose mapToRegistry uri https://registry.npmjs.org/video.js
31 verbose already installed skipping parse-torrent@^2.1.2 /Users/tonisucic/GitHub/cinema
32 verbose already installed skipping sha256@^0.1.1 /Users/tonisucic/GitHub/cinema
33 verbose request on initialization, where is /video.js
34 verbose request after pass 1, where is /video.js
35 verbose request url raw /video.js
36 verbose request resolving registry [ 'https://registry.npmjs.org/', './video.js' ]
37 verbose request after pass 2, where is https://registry.npmjs.org/video.js
38 verbose request no auth needed
39 info attempt registry request try #1 at 12:33:14
40 verbose request id d17920c8d15088a5
41 verbose etag "2VOTRWJKFRDG5MDP7PI1JFLOY"
42 http request GET https://registry.npmjs.org/video.js
43 http 304 https://registry.npmjs.org/video.js
44 silly registry.get cb [ 304,
44 silly registry.get   { date: 'Wed, 19 Nov 2014 11:33:15 GMT',
44 silly registry.get     server: 'Apache',
44 silly registry.get     via: '1.1 varnish',
44 silly registry.get     'last-modified': 'Wed, 19 Nov 2014 11:33:16 GMT',
44 silly registry.get     'cache-control': 'max-age=60',
44 silly registry.get     etag: '"2VOTRWJKFRDG5MDP7PI1JFLOY"',
44 silly registry.get     age: '0',
44 silly registry.get     'x-served-by': 'cache-fra1246-FRA',
44 silly registry.get     'x-cache': 'MISS',
44 silly registry.get     'x-cache-hits': '0',
44 silly registry.get     'x-timer': 'S1416396795.602975,VS0,VE641',
44 silly registry.get     vary: 'Accept',
44 silly registry.get     'content-length': '0',
44 silly registry.get     'keep-alive': 'timeout=10, max=50',
44 silly registry.get     connection: 'Keep-Alive' } ]
45 verbose etag https://registry.npmjs.org/video.js from cache
46 silly addNameRange number 2 { name: 'video.js', range: '>=3.0.0 <3.1.0', hasData: true }
47 silly addNameRange versions [ 'video.js',
47 silly addNameRange   [ '4.1.0',
47 silly addNameRange     '4.2.0',
47 silly addNameRange     '4.2.1',
47 silly addNameRange     '4.2.2',
47 silly addNameRange     '4.3.0',
47 silly addNameRange     '4.4.0',
47 silly addNameRange     '4.4.1',
47 silly addNameRange     '4.4.2',
47 silly addNameRange     '4.4.3',
47 silly addNameRange     '4.5.0',
47 silly addNameRange     '4.5.1',
47 silly addNameRange     '4.5.2',
47 silly addNameRange     '4.6.0',
47 silly addNameRange     '4.6.1',
47 silly addNameRange     '4.6.2',
47 silly addNameRange     '4.6.3',
47 silly addNameRange     '4.6.4',
47 silly addNameRange     '4.7.0',
47 silly addNameRange     '4.7.1',
47 silly addNameRange     '4.7.2',
47 silly addNameRange     '4.7.3',
47 silly addNameRange     '4.8.0',
47 silly addNameRange     '4.8.1',
47 silly addNameRange     '4.8.2',
47 silly addNameRange     '4.8.3',
47 silly addNameRange     '4.8.4',
47 silly addNameRange     '4.8.5',
47 silly addNameRange     '4.9.0',
47 silly addNameRange     '4.9.1',
47 silly addNameRange     '4.10.0',
47 silly addNameRange     '4.10.1',
47 silly addNameRange     '4.10.2' ] ]
48 silly lockFile de25a2d2-video-js-3-0-0-3-1-0 video.js@>=3.0.0 <3.1.0
49 silly lockFile de25a2d2-video-js-3-0-0-3-1-0 video.js@>=3.0.0 <3.1.0
50 verbose stack Error: No compatible version found: video.js@'>=3.0.0 <3.1.0'
50 verbose stack Valid install targets:
50 verbose stack ["4.1.0","4.2.0","4.2.1","4.2.2","4.3.0","4.4.0","4.4.1","4.4.2","4.4.3","4.5.0","4.5.1","4.5.2","4.6.0","4.6.1","4.6.2","4.6.3","4.6.4","4.7.0","4.7.1","4.7.2","4.7.3","4.8.0","4.8.1","4.8.2","4.8.3","4.8.4","4.8.5","4.9.0","4.9.1","4.10.0","4.10.1","4.10.2"]
50 verbose stack
50 verbose stack     at installTargetsError (/usr/local/lib/node_modules/npm/lib/cache/add-named.js:258:12)
50 verbose stack     at next (/usr/local/lib/node_modules/npm/lib/cache/add-named.js:237:17)
50 verbose stack     at setData (/usr/local/lib/node_modules/npm/lib/cache/add-named.js:214:5)
50 verbose stack     at saved (/usr/local/lib/node_modules/npm/node_modules/npm-registry-client/lib/get.js:167:7)
50 verbose stack     at Object.oncomplete (fs.js:107:15)
51 verbose cwd /Users/tonisucic/GitHub/cinema
52 error Darwin 14.0.0
53 error argv "node" "/usr/local/bin/npm" "install"
54 error node v0.10.32
55 error npm  v2.0.0
56 error code ETARGET
57 error notarget No compatible version found: video.js@'>=3.0.0 <3.1.0'
57 error notarget Valid install targets:
57 error notarget ["4.1.0","4.2.0","4.2.1","4.2.2","4.3.0","4.4.0","4.4.1","4.4.2","4.4.3","4.5.0","4.5.1","4.5.2","4.6.0","4.6.1","4.6.2","4.6.3","4.6.4","4.7.0","4.7.1","4.7.2","4.7.3","4.8.0","4.8.1","4.8.2","4.8.3","4.8.4","4.8.5","4.9.0","4.9.1","4.10.0","4.10.1","4.10.2"]
57 error notarget
57 error notarget This is most likely not a problem with npm itself.
57 error notarget In most cases you or one of your dependencies are requesting
57 error notarget a package version that doesn't exist.
58 verbose exit [ 1, true ]
